{"/home/momo/repos/github-actions-test/project/react-app/src/App.js": {"path":"/home/momo/repos/github-actions-test/project/react-app/src/App.js","statementMap":{"0":{"start":{"line":7,"column":4},"end":{"line":17,"column":6}}},"fnMap":{"0":{"name":"(anonymous_0)","decl":{"start":{"line":6,"column":2},"end":{"line":6,"column":3}},"loc":{"start":{"line":6,"column":11},"end":{"line":18,"column":3}},"line":6}},"branchMap":{},"s":{"0":1},"f":{"0":1},"b":{},"_coverageSchema":"332fd63041d2c1bcb487cc26dd0d5f7d97098a6c","hash":"5e594524c2ad0ca2fcc2ced862b625c901fb0724"}
,"/home/momo/repos/github-actions-test/project/react-app/src/index.js": {"path":"/home/momo/repos/github-actions-test/project/react-app/src/index.js","statementMap":{"0":{"start":{"line":1,"column":58},"end":{"line":1,"column":127}}},"fnMap":{},"branchMap":{},"s":{"0":0},"f":{},"b":{}}
}
